  [1m[35m (219.1ms)[0m  [1m[35mDROP DATABASE IF EXISTS "investigator_development"[0m
  [1m[35m (147.1ms)[0m  [1m[35mDROP DATABASE IF EXISTS "investigator_test"[0m
  [1m[35m (7.8ms)[0m  [1m[35mCREATE TABLE "schema_migrations" ("version" character varying NOT NULL PRIMARY KEY)[0m
  [1m[35m (7.5ms)[0m  [1m[35mCREATE TABLE "ar_internal_metadata" ("key" character varying NOT NULL PRIMARY KEY, "value" character varying, "created_at" timestamp NOT NULL, "updated_at" timestamp NOT NULL)[0m
  [1m[35m (0.4ms)[0m  [1m[34mSELECT pg_try_advisory_lock(8484559368375184395)[0m
  [1m[35m (0.5ms)[0m  [1m[34mSELECT "schema_migrations"."version" FROM "schema_migrations" ORDER BY "schema_migrations"."version" ASC[0m
Migrating to CreatePortfolios (20180409223607)
  [1m[35m (0.2ms)[0m  [1m[35mBEGIN[0m
  [1m[35m (6.0ms)[0m  [1m[35mCREATE TABLE "portfolios" ("id" bigserial primary key, "user_id" integer, "ticker" character varying, "stock_name" character varying, "exchange" character varying, "shares_owned" integer, "purchase_price" decimal(10,2), "current_price" decimal(10,2), "created_at" timestamp NOT NULL, "updated_at" timestamp NOT NULL)[0m
  [1m[35mSQL (0.6ms)[0m  [1m[32mINSERT INTO "schema_migrations" ("version") VALUES ($1) RETURNING "version"[0m  [["version", "20180409223607"]]
  [1m[35m (1.6ms)[0m  [1m[35mCOMMIT[0m
  [1m[36mActiveRecord::InternalMetadata Load (0.4ms)[0m  [1m[34mSELECT  "ar_internal_metadata".* FROM "ar_internal_metadata" WHERE "ar_internal_metadata"."key" = $1 LIMIT $2[0m  [["key", "environment"], ["LIMIT", 1]]
  [1m[35m (0.2ms)[0m  [1m[35mBEGIN[0m
  [1m[35mSQL (0.8ms)[0m  [1m[32mINSERT INTO "ar_internal_metadata" ("key", "value", "created_at", "updated_at") VALUES ($1, $2, $3, $4) RETURNING "key"[0m  [["key", "environment"], ["value", "development"], ["created_at", "2018-04-09 22:36:53.054380"], ["updated_at", "2018-04-09 22:36:53.054380"]]
  [1m[35m (1.4ms)[0m  [1m[35mCOMMIT[0m
  [1m[35m (0.4ms)[0m  [1m[34mSELECT pg_advisory_unlock(8484559368375184395)[0m
  [1m[35m (1.0ms)[0m  [1m[34mSELECT "schema_migrations"."version" FROM "schema_migrations" ORDER BY "schema_migrations"."version" ASC[0m
  [1m[35m (0.8ms)[0m  [1m[34mSELECT "schema_migrations"."version" FROM "schema_migrations" ORDER BY "schema_migrations"."version" ASC[0m
  [1m[35m (0.5ms)[0m  [1m[35mBEGIN[0m
  [1m[35mSQL (1.2ms)[0m  [1m[32mINSERT INTO "portfolios" ("user_id", "ticker", "stock_name", "exchange", "shares_owned", "purchase_price", "current_price", "created_at", "updated_at") VALUES ($1, $2, $3, $4, $5, $6, $7, $8, $9) RETURNING "id"[0m  [["user_id", 1], ["ticker", "AAPL"], ["stock_name", "Apple Inc."], ["exchange", "NYSE"], ["shares_owned", 100], ["purchase_price", "10.0"], ["current_price", "100.0"], ["created_at", "2018-04-09 22:37:49.903744"], ["updated_at", "2018-04-09 22:37:49.903744"]]
  [1m[35m (1.1ms)[0m  [1m[35mCOMMIT[0m
  [1m[35m (0.2ms)[0m  [1m[35mBEGIN[0m
  [1m[35mSQL (0.3ms)[0m  [1m[32mINSERT INTO "portfolios" ("user_id", "ticker", "stock_name", "exchange", "shares_owned", "purchase_price", "current_price", "created_at", "updated_at") VALUES ($1, $2, $3, $4, $5, $6, $7, $8, $9) RETURNING "id"[0m  [["user_id", 1], ["ticker", "TSLA"], ["stock_name", "Tesla"], ["exchange", "NYSE"], ["shares_owned", 100], ["purchase_price", "5.0"], ["current_price", "500.0"], ["created_at", "2018-04-09 22:37:49.913894"], ["updated_at", "2018-04-09 22:37:49.913894"]]
  [1m[35m (1.5ms)[0m  [1m[35mCOMMIT[0m
  [1m[35m (0.2ms)[0m  [1m[35mBEGIN[0m
  [1m[35mSQL (0.4ms)[0m  [1m[32mINSERT INTO "portfolios" ("user_id", "ticker", "stock_name", "exchange", "shares_owned", "purchase_price", "current_price", "created_at", "updated_at") VALUES ($1, $2, $3, $4, $5, $6, $7, $8, $9) RETURNING "id"[0m  [["user_id", 1], ["ticker", "MSFT"], ["stock_name", "Microsoft"], ["exchange", "NYSE"], ["shares_owned", 50], ["purchase_price", "1.0"], ["current_price", "250.0"], ["created_at", "2018-04-09 22:37:49.917300"], ["updated_at", "2018-04-09 22:37:49.917300"]]
  [1m[35m (1.6ms)[0m  [1m[35mCOMMIT[0m
Started GET "/api/portfolio" for 127.0.0.1 at 2018-04-09 18:46:50 -0400
  [1m[35m (1.3ms)[0m  [1m[34mSELECT "schema_migrations"."version" FROM "schema_migrations" ORDER BY "schema_migrations"."version" ASC[0m
Processing by PortfoliosController#show as */*
  Parameters: {"portfolio"=>{}}
  [1m[36mPortfolio Load (0.4ms)[0m  [1m[34mSELECT  "portfolios".* FROM "portfolios" WHERE "portfolios"."id" = $1 LIMIT $2[0m  [["id", nil], ["LIMIT", 1]]
Completed 404 Not Found in 8ms (ActiveRecord: 5.7ms)


  
ActiveRecord::RecordNotFound (Couldn't find Portfolio with 'id'=):
  
app/controllers/portfolios_controller.rb:12:in `show'
Started GET "/api/portfolios" for 127.0.0.1 at 2018-04-09 18:47:14 -0400
  
ActionController::RoutingError (No route matches [GET] "/api/portfolios"):
  
actionpack (5.1.6) lib/action_dispatch/middleware/debug_exceptions.rb:63:in `call'
actionpack (5.1.6) lib/action_dispatch/middleware/show_exceptions.rb:31:in `call'
railties (5.1.6) lib/rails/rack/logger.rb:36:in `call_app'
railties (5.1.6) lib/rails/rack/logger.rb:24:in `block in call'
activesupport (5.1.6) lib/active_support/tagged_logging.rb:69:in `block in tagged'
activesupport (5.1.6) lib/active_support/tagged_logging.rb:26:in `tagged'
activesupport (5.1.6) lib/active_support/tagged_logging.rb:69:in `tagged'
railties (5.1.6) lib/rails/rack/logger.rb:24:in `call'
actionpack (5.1.6) lib/action_dispatch/middleware/remote_ip.rb:79:in `call'
actionpack (5.1.6) lib/action_dispatch/middleware/request_id.rb:25:in `call'
rack (2.0.4) lib/rack/runtime.rb:22:in `call'
activesupport (5.1.6) lib/active_support/cache/strategy/local_cache_middleware.rb:27:in `call'
actionpack (5.1.6) lib/action_dispatch/middleware/executor.rb:12:in `call'
actionpack (5.1.6) lib/action_dispatch/middleware/static.rb:125:in `call'
rack (2.0.4) lib/rack/sendfile.rb:111:in `call'
railties (5.1.6) lib/rails/engine.rb:522:in `call'
puma (3.11.3) lib/puma/configuration.rb:225:in `call'
puma (3.11.3) lib/puma/server.rb:624:in `handle_request'
puma (3.11.3) lib/puma/server.rb:438:in `process_client'
puma (3.11.3) lib/puma/server.rb:302:in `block in run'
puma (3.11.3) lib/puma/thread_pool.rb:120:in `block in spawn_thread'
Started GET "/api/portfolio/1" for 127.0.0.1 at 2018-04-09 18:47:21 -0400
  
ActionController::RoutingError (No route matches [GET] "/api/portfolio/1"):
  
actionpack (5.1.6) lib/action_dispatch/middleware/debug_exceptions.rb:63:in `call'
actionpack (5.1.6) lib/action_dispatch/middleware/show_exceptions.rb:31:in `call'
railties (5.1.6) lib/rails/rack/logger.rb:36:in `call_app'
railties (5.1.6) lib/rails/rack/logger.rb:24:in `block in call'
activesupport (5.1.6) lib/active_support/tagged_logging.rb:69:in `block in tagged'
activesupport (5.1.6) lib/active_support/tagged_logging.rb:26:in `tagged'
activesupport (5.1.6) lib/active_support/tagged_logging.rb:69:in `tagged'
railties (5.1.6) lib/rails/rack/logger.rb:24:in `call'
actionpack (5.1.6) lib/action_dispatch/middleware/remote_ip.rb:79:in `call'
actionpack (5.1.6) lib/action_dispatch/middleware/request_id.rb:25:in `call'
rack (2.0.4) lib/rack/runtime.rb:22:in `call'
activesupport (5.1.6) lib/active_support/cache/strategy/local_cache_middleware.rb:27:in `call'
actionpack (5.1.6) lib/action_dispatch/middleware/executor.rb:12:in `call'
actionpack (5.1.6) lib/action_dispatch/middleware/static.rb:125:in `call'
rack (2.0.4) lib/rack/sendfile.rb:111:in `call'
railties (5.1.6) lib/rails/engine.rb:522:in `call'
puma (3.11.3) lib/puma/configuration.rb:225:in `call'
puma (3.11.3) lib/puma/server.rb:624:in `handle_request'
puma (3.11.3) lib/puma/server.rb:438:in `process_client'
puma (3.11.3) lib/puma/server.rb:302:in `block in run'
puma (3.11.3) lib/puma/thread_pool.rb:120:in `block in spawn_thread'
Started GET "/api/portfolio/" for 127.0.0.1 at 2018-04-09 18:49:51 -0400
Processing by PortfoliosController#index as */*
  Parameters: {"portfolio"=>{}}
  [1m[36mPortfolio Load (0.4ms)[0m  [1m[34mSELECT "portfolios".* FROM "portfolios"[0m
Completed 200 OK in 22ms (Views: 19.5ms | ActiveRecord: 4.0ms)


Started GET "/api/portfolio/1" for 127.0.0.1 at 2018-04-09 18:50:01 -0400
  
ActionController::RoutingError (No route matches [GET] "/api/portfolio/1"):
  
actionpack (5.1.6) lib/action_dispatch/middleware/debug_exceptions.rb:63:in `call'
actionpack (5.1.6) lib/action_dispatch/middleware/show_exceptions.rb:31:in `call'
railties (5.1.6) lib/rails/rack/logger.rb:36:in `call_app'
railties (5.1.6) lib/rails/rack/logger.rb:24:in `block in call'
activesupport (5.1.6) lib/active_support/tagged_logging.rb:69:in `block in tagged'
activesupport (5.1.6) lib/active_support/tagged_logging.rb:26:in `tagged'
activesupport (5.1.6) lib/active_support/tagged_logging.rb:69:in `tagged'
railties (5.1.6) lib/rails/rack/logger.rb:24:in `call'
actionpack (5.1.6) lib/action_dispatch/middleware/remote_ip.rb:79:in `call'
actionpack (5.1.6) lib/action_dispatch/middleware/request_id.rb:25:in `call'
rack (2.0.4) lib/rack/runtime.rb:22:in `call'
activesupport (5.1.6) lib/active_support/cache/strategy/local_cache_middleware.rb:27:in `call'
actionpack (5.1.6) lib/action_dispatch/middleware/executor.rb:12:in `call'
actionpack (5.1.6) lib/action_dispatch/middleware/static.rb:125:in `call'
rack (2.0.4) lib/rack/sendfile.rb:111:in `call'
railties (5.1.6) lib/rails/engine.rb:522:in `call'
puma (3.11.3) lib/puma/configuration.rb:225:in `call'
puma (3.11.3) lib/puma/server.rb:624:in `handle_request'
puma (3.11.3) lib/puma/server.rb:438:in `process_client'
puma (3.11.3) lib/puma/server.rb:302:in `block in run'
puma (3.11.3) lib/puma/thread_pool.rb:120:in `block in spawn_thread'
Started GET "/api/portfolio/1" for 127.0.0.1 at 2018-04-09 18:50:45 -0400
Processing by PortfoliosController#show as */*
  Parameters: {"id"=>"1", "portfolio"=>{}}
  [1m[36mPortfolio Load (0.4ms)[0m  [1m[34mSELECT  "portfolios".* FROM "portfolios" WHERE "portfolios"."id" = $1 LIMIT $2[0m  [["id", 1], ["LIMIT", 1]]
Completed 200 OK in 13ms (Views: 0.5ms | ActiveRecord: 4.3ms)


Started GET "/api/portfolio/1" for 127.0.0.1 at 2018-04-09 18:51:33 -0400
  
ActionController::RoutingError (No route matches [GET] "/api/portfolio/1"):
  
actionpack (5.1.6) lib/action_dispatch/middleware/debug_exceptions.rb:63:in `call'
actionpack (5.1.6) lib/action_dispatch/middleware/show_exceptions.rb:31:in `call'
railties (5.1.6) lib/rails/rack/logger.rb:36:in `call_app'
railties (5.1.6) lib/rails/rack/logger.rb:24:in `block in call'
activesupport (5.1.6) lib/active_support/tagged_logging.rb:69:in `block in tagged'
activesupport (5.1.6) lib/active_support/tagged_logging.rb:26:in `tagged'
activesupport (5.1.6) lib/active_support/tagged_logging.rb:69:in `tagged'
railties (5.1.6) lib/rails/rack/logger.rb:24:in `call'
actionpack (5.1.6) lib/action_dispatch/middleware/remote_ip.rb:79:in `call'
actionpack (5.1.6) lib/action_dispatch/middleware/request_id.rb:25:in `call'
rack (2.0.4) lib/rack/runtime.rb:22:in `call'
activesupport (5.1.6) lib/active_support/cache/strategy/local_cache_middleware.rb:27:in `call'
actionpack (5.1.6) lib/action_dispatch/middleware/executor.rb:12:in `call'
actionpack (5.1.6) lib/action_dispatch/middleware/static.rb:125:in `call'
rack (2.0.4) lib/rack/sendfile.rb:111:in `call'
railties (5.1.6) lib/rails/engine.rb:522:in `call'
puma (3.11.3) lib/puma/configuration.rb:225:in `call'
puma (3.11.3) lib/puma/server.rb:624:in `handle_request'
puma (3.11.3) lib/puma/server.rb:438:in `process_client'
puma (3.11.3) lib/puma/server.rb:302:in `block in run'
puma (3.11.3) lib/puma/thread_pool.rb:120:in `block in spawn_thread'
Started GET "/api/portfolio" for 127.0.0.1 at 2018-04-09 18:51:47 -0400
  
ActionController::RoutingError (uninitialized constant ApiPortfoliosController):
  
activesupport (5.1.6) lib/active_support/inflector/methods.rb:269:in `const_get'
activesupport (5.1.6) lib/active_support/inflector/methods.rb:269:in `block in constantize'
activesupport (5.1.6) lib/active_support/inflector/methods.rb:267:in `each'
activesupport (5.1.6) lib/active_support/inflector/methods.rb:267:in `inject'
activesupport (5.1.6) lib/active_support/inflector/methods.rb:267:in `constantize'
actionpack (5.1.6) lib/action_dispatch/http/request.rb:85:in `controller_class_for'
actionpack (5.1.6) lib/action_dispatch/http/request.rb:78:in `controller_class'
actionpack (5.1.6) lib/action_dispatch/routing/route_set.rb:43:in `controller'
actionpack (5.1.6) lib/action_dispatch/routing/route_set.rb:29:in `serve'
actionpack (5.1.6) lib/action_dispatch/journey/router.rb:50:in `block in serve'
actionpack (5.1.6) lib/action_dispatch/journey/router.rb:33:in `each'
actionpack (5.1.6) lib/action_dispatch/journey/router.rb:33:in `serve'
actionpack (5.1.6) lib/action_dispatch/routing/route_set.rb:844:in `call'
rack (2.0.4) lib/rack/etag.rb:25:in `call'
rack (2.0.4) lib/rack/conditional_get.rb:25:in `call'
rack (2.0.4) lib/rack/head.rb:12:in `call'
activerecord (5.1.6) lib/active_record/migration.rb:556:in `call'
actionpack (5.1.6) lib/action_dispatch/middleware/callbacks.rb:26:in `block in call'
activesupport (5.1.6) lib/active_support/callbacks.rb:97:in `run_callbacks'
actionpack (5.1.6) lib/action_dispatch/middleware/callbacks.rb:24:in `call'
actionpack (5.1.6) lib/action_dispatch/middleware/executor.rb:12:in `call'
actionpack (5.1.6) lib/action_dispatch/middleware/debug_exceptions.rb:59:in `call'
actionpack (5.1.6) lib/action_dispatch/middleware/show_exceptions.rb:31:in `call'
railties (5.1.6) lib/rails/rack/logger.rb:36:in `call_app'
railties (5.1.6) lib/rails/rack/logger.rb:24:in `block in call'
activesupport (5.1.6) lib/active_support/tagged_logging.rb:69:in `block in tagged'
activesupport (5.1.6) lib/active_support/tagged_logging.rb:26:in `tagged'
activesupport (5.1.6) lib/active_support/tagged_logging.rb:69:in `tagged'
railties (5.1.6) lib/rails/rack/logger.rb:24:in `call'
actionpack (5.1.6) lib/action_dispatch/middleware/remote_ip.rb:79:in `call'
actionpack (5.1.6) lib/action_dispatch/middleware/request_id.rb:25:in `call'
rack (2.0.4) lib/rack/runtime.rb:22:in `call'
activesupport (5.1.6) lib/active_support/cache/strategy/local_cache_middleware.rb:27:in `call'
actionpack (5.1.6) lib/action_dispatch/middleware/executor.rb:12:in `call'
actionpack (5.1.6) lib/action_dispatch/middleware/static.rb:125:in `call'
rack (2.0.4) lib/rack/sendfile.rb:111:in `call'
railties (5.1.6) lib/rails/engine.rb:522:in `call'
puma (3.11.3) lib/puma/configuration.rb:225:in `call'
puma (3.11.3) lib/puma/server.rb:624:in `handle_request'
puma (3.11.3) lib/puma/server.rb:438:in `process_client'
puma (3.11.3) lib/puma/server.rb:302:in `block in run'
puma (3.11.3) lib/puma/thread_pool.rb:120:in `block in spawn_thread'
Started POST "/api/portfolio" for 127.0.0.1 at 2018-04-09 18:57:50 -0400
Processing by PortfoliosController#create as */*
  Parameters: {"user_id"=>1, "ticker"=>"TEST", "shares_owned"=>100, "purchase_price"=>10, "current_price"=>100, "stock_name"=>"Test", "exchange"=>"None", "portfolio"=>{"user_id"=>1, "ticker"=>"TEST", "stock_name"=>"Test", "exchange"=>"None", "shares_owned"=>100, "purchase_price"=>10, "current_price"=>100}}
Completed 400 Bad Request in 0ms (ActiveRecord: 8.4ms)


  
ActionController::ParameterMissing (param is missing or the value is empty: portfolios):
  
app/controllers/portfolios_controller.rb:48:in `portfolio_params'
app/controllers/portfolios_controller.rb:29:in `create'
Started POST "/api/portfolio" for 127.0.0.1 at 2018-04-09 18:59:40 -0400
Processing by PortfoliosController#create as */*
  Parameters: {"portfolio"=>{"user_id"=>1, "ticker"=>"TEST", "shares_owned"=>100, "purchase_price"=>10, "current_price"=>100, "stock_name"=>"Test", "exchange"=>"None"}}
Completed 400 Bad Request in 0ms (ActiveRecord: 0.0ms)


  
ActionController::ParameterMissing (param is missing or the value is empty: portfolios):
  
app/controllers/portfolios_controller.rb:48:in `portfolio_params'
app/controllers/portfolios_controller.rb:29:in `create'
Started POST "/api/portfolio" for 127.0.0.1 at 2018-04-09 18:59:47 -0400
Processing by PortfoliosController#create as */*
  Parameters: {"portfolios"=>{"user_id"=>1, "ticker"=>"TEST", "shares_owned"=>100, "purchase_price"=>10, "current_price"=>100, "stock_name"=>"Test", "exchange"=>"None"}, "portfolio"=>{}}
Unpermitted parameter: :shares_owned
  [1m[35m (0.2ms)[0m  [1m[35mBEGIN[0m
  [1m[35mSQL (0.6ms)[0m  [1m[32mINSERT INTO "portfolios" ("user_id", "ticker", "stock_name", "exchange", "purchase_price", "current_price", "created_at", "updated_at") VALUES ($1, $2, $3, $4, $5, $6, $7, $8) RETURNING "id"[0m  [["user_id", 1], ["ticker", "TEST"], ["stock_name", "Test"], ["exchange", "None"], ["purchase_price", "10.0"], ["current_price", "100.0"], ["created_at", "2018-04-09 22:59:47.166781"], ["updated_at", "2018-04-09 22:59:47.166781"]]
  [1m[35m (1.4ms)[0m  [1m[35mCOMMIT[0m
Completed 200 OK in 21ms (Views: 0.7ms | ActiveRecord: 4.8ms)


Started GET "/api/portfolio" for 127.0.0.1 at 2018-04-09 18:59:52 -0400
Processing by PortfoliosController#index as */*
  Parameters: {"portfolio"=>{}}
  [1m[36mPortfolio Load (0.3ms)[0m  [1m[34mSELECT "portfolios".* FROM "portfolios"[0m
Completed 200 OK in 3ms (Views: 2.1ms | ActiveRecord: 0.3ms)


Started DELETE "/api/portfolio/4" for 127.0.0.1 at 2018-04-09 19:00:01 -0400
  
AbstractController::ActionNotFound (The action 'delete' could not be found for PortfoliosController):
  
actionpack (5.1.6) lib/abstract_controller/base.rb:119:in `process'
actionpack (5.1.6) lib/action_controller/metal.rb:189:in `dispatch'
actionpack (5.1.6) lib/action_controller/metal.rb:253:in `dispatch'
actionpack (5.1.6) lib/action_dispatch/routing/route_set.rb:49:in `dispatch'
actionpack (5.1.6) lib/action_dispatch/routing/route_set.rb:31:in `serve'
actionpack (5.1.6) lib/action_dispatch/journey/router.rb:50:in `block in serve'
actionpack (5.1.6) lib/action_dispatch/journey/router.rb:33:in `each'
actionpack (5.1.6) lib/action_dispatch/journey/router.rb:33:in `serve'
actionpack (5.1.6) lib/action_dispatch/routing/route_set.rb:844:in `call'
rack (2.0.4) lib/rack/etag.rb:25:in `call'
rack (2.0.4) lib/rack/conditional_get.rb:38:in `call'
rack (2.0.4) lib/rack/head.rb:12:in `call'
activerecord (5.1.6) lib/active_record/migration.rb:556:in `call'
actionpack (5.1.6) lib/action_dispatch/middleware/callbacks.rb:26:in `block in call'
activesupport (5.1.6) lib/active_support/callbacks.rb:97:in `run_callbacks'
actionpack (5.1.6) lib/action_dispatch/middleware/callbacks.rb:24:in `call'
actionpack (5.1.6) lib/action_dispatch/middleware/executor.rb:12:in `call'
actionpack (5.1.6) lib/action_dispatch/middleware/debug_exceptions.rb:59:in `call'
actionpack (5.1.6) lib/action_dispatch/middleware/show_exceptions.rb:31:in `call'
railties (5.1.6) lib/rails/rack/logger.rb:36:in `call_app'
railties (5.1.6) lib/rails/rack/logger.rb:24:in `block in call'
activesupport (5.1.6) lib/active_support/tagged_logging.rb:69:in `block in tagged'
activesupport (5.1.6) lib/active_support/tagged_logging.rb:26:in `tagged'
activesupport (5.1.6) lib/active_support/tagged_logging.rb:69:in `tagged'
railties (5.1.6) lib/rails/rack/logger.rb:24:in `call'
actionpack (5.1.6) lib/action_dispatch/middleware/remote_ip.rb:79:in `call'
actionpack (5.1.6) lib/action_dispatch/middleware/request_id.rb:25:in `call'
rack (2.0.4) lib/rack/runtime.rb:22:in `call'
activesupport (5.1.6) lib/active_support/cache/strategy/local_cache_middleware.rb:27:in `call'
actionpack (5.1.6) lib/action_dispatch/middleware/executor.rb:12:in `call'
actionpack (5.1.6) lib/action_dispatch/middleware/static.rb:125:in `call'
rack (2.0.4) lib/rack/sendfile.rb:111:in `call'
railties (5.1.6) lib/rails/engine.rb:522:in `call'
puma (3.11.3) lib/puma/configuration.rb:225:in `call'
puma (3.11.3) lib/puma/server.rb:624:in `handle_request'
puma (3.11.3) lib/puma/server.rb:438:in `process_client'
puma (3.11.3) lib/puma/server.rb:302:in `block in run'
puma (3.11.3) lib/puma/thread_pool.rb:120:in `block in spawn_thread'
Started DELETE "/api/portfolio/4" for 127.0.0.1 at 2018-04-09 19:00:20 -0400
Processing by PortfoliosController#destroy as */*
  Parameters: {"portfolios"=>{"user_id"=>1, "ticker"=>"TEST", "shares_owned"=>100, "purchase_price"=>10, "current_price"=>100, "stock_name"=>"Test", "exchange"=>"None"}, "id"=>"4", "portfolio"=>{}}
  [1m[36mPortfolio Load (0.4ms)[0m  [1m[34mSELECT  "portfolios".* FROM "portfolios" WHERE "portfolios"."id" = $1 LIMIT $2[0m  [["id", 4], ["LIMIT", 1]]
  [1m[35mSQL (1.3ms)[0m  [1m[31mDELETE FROM "portfolios" WHERE "portfolios"."id" = $1[0m  [["id", 4]]
Completed 200 OK in 14ms (Views: 0.2ms | ActiveRecord: 5.5ms)


Started GET "/api/portfolio" for 127.0.0.1 at 2018-04-09 19:32:51 -0400
  [1m[35m (1.0ms)[0m  [1m[34mSELECT "schema_migrations"."version" FROM "schema_migrations" ORDER BY "schema_migrations"."version" ASC[0m
Processing by PortfoliosController#index as HTML
  [1m[36mPortfolio Load (0.6ms)[0m  [1m[34mSELECT "portfolios".* FROM "portfolios"[0m
Completed 200 OK in 21ms (Views: 13.4ms | ActiveRecord: 4.8ms)


Started GET "/api/portfolio" for 127.0.0.1 at 2018-04-09 19:33:29 -0400
Processing by PortfoliosController#index as HTML
  [1m[36mPortfolio Load (1.2ms)[0m  [1m[34mSELECT "portfolios".* FROM "portfolios"[0m
Completed 200 OK in 149ms (Views: 13.4ms | ActiveRecord: 135.6ms)


Started GET "/api/portfolio" for 127.0.0.1 at 2018-04-09 19:34:29 -0400
Processing by PortfoliosController#index as HTML
  [1m[36mPortfolio Load (0.4ms)[0m  [1m[34mSELECT "portfolios".* FROM "portfolios"[0m
Completed 200 OK in 3ms (Views: 2.5ms | ActiveRecord: 0.4ms)


Started GET "/api/portfolio" for 127.0.0.1 at 2018-04-09 19:36:17 -0400
Processing by PortfoliosController#index as HTML
  [1m[36mPortfolio Load (4.0ms)[0m  [1m[34mSELECT "portfolios".* FROM "portfolios"[0m
Completed 200 OK in 22ms (Views: 17.6ms | ActiveRecord: 4.0ms)


Started GET "/api/portfolio" for 127.0.0.1 at 2018-04-09 19:36:26 -0400
Processing by PortfoliosController#index as HTML
  [1m[36mPortfolio Load (3.1ms)[0m  [1m[34mSELECT "portfolios".* FROM "portfolios"[0m
Completed 200 OK in 8ms (Views: 4.0ms | ActiveRecord: 3.1ms)


Started GET "/api/portfolio" for 127.0.0.1 at 2018-04-09 19:36:39 -0400
Processing by PortfoliosController#index as HTML
  [1m[36mPortfolio Load (0.4ms)[0m  [1m[34mSELECT "portfolios".* FROM "portfolios"[0m
Completed 200 OK in 4ms (Views: 3.2ms | ActiveRecord: 0.4ms)


Started GET "/api/portfolio" for 127.0.0.1 at 2018-04-09 21:28:32 -0400
Processing by PortfoliosController#index as HTML
  [1m[36mPortfolio Load (0.9ms)[0m  [1m[34mSELECT "portfolios".* FROM "portfolios"[0m
Completed 200 OK in 5ms (Views: 3.2ms | ActiveRecord: 0.9ms)


Started GET "/api/portfolio" for 127.0.0.1 at 2018-04-09 21:29:49 -0400
Processing by PortfoliosController#index as HTML
  [1m[36mPortfolio Load (0.8ms)[0m  [1m[34mSELECT "portfolios".* FROM "portfolios"[0m
Completed 200 OK in 4ms (Views: 3.1ms | ActiveRecord: 0.8ms)


Started GET "/api/portfolio" for 127.0.0.1 at 2018-04-09 21:32:47 -0400
Processing by PortfoliosController#index as HTML
  [1m[36mPortfolio Load (112.5ms)[0m  [1m[34mSELECT "portfolios".* FROM "portfolios"[0m
Completed 200 OK in 148ms (Views: 35.6ms | ActiveRecord: 112.5ms)


Started GET "/api/portfolio" for 127.0.0.1 at 2018-04-09 21:33:58 -0400
Processing by PortfoliosController#index as HTML
  [1m[36mPortfolio Load (0.5ms)[0m  [1m[34mSELECT "portfolios".* FROM "portfolios"[0m
Completed 200 OK in 5ms (Views: 3.7ms | ActiveRecord: 0.5ms)


Started GET "/api/portfolio" for 127.0.0.1 at 2018-04-09 21:34:22 -0400
Processing by PortfoliosController#index as HTML
  [1m[36mPortfolio Load (0.8ms)[0m  [1m[34mSELECT "portfolios".* FROM "portfolios"[0m
Completed 200 OK in 4ms (Views: 3.3ms | ActiveRecord: 0.8ms)


Started GET "/api/portfolio" for 127.0.0.1 at 2018-04-09 21:35:04 -0400
Processing by PortfoliosController#index as HTML
  [1m[36mPortfolio Load (1.6ms)[0m  [1m[34mSELECT "portfolios".* FROM "portfolios"[0m
Completed 200 OK in 5ms (Views: 3.4ms | ActiveRecord: 1.6ms)


Started GET "/api/portfolio" for 127.0.0.1 at 2018-04-09 21:35:31 -0400
Processing by PortfoliosController#index as HTML
  [1m[36mPortfolio Load (0.5ms)[0m  [1m[34mSELECT "portfolios".* FROM "portfolios"[0m
Completed 200 OK in 7ms (Views: 6.1ms | ActiveRecord: 0.5ms)


Started GET "/api/portfolio" for 127.0.0.1 at 2018-04-09 21:39:22 -0400
Processing by PortfoliosController#index as HTML
  [1m[36mPortfolio Load (0.5ms)[0m  [1m[34mSELECT "portfolios".* FROM "portfolios"[0m
Completed 200 OK in 15ms (Views: 14.5ms | ActiveRecord: 0.5ms)


